0 info it worked if it ends with ok
1 verbose cli [
1 verbose cli   'C:\\Program Files (x86)\\nodejs\\node.exe',
1 verbose cli   'C:\\Users\\vivek\\AppData\\Roaming\\npm\\node_modules\\npm\\bin\\npm-cli.js',
1 verbose cli   'run',
1 verbose cli   'watch'
1 verbose cli ]
2 info using npm@3.10.10
3 info using node@v12.6.0
4 verbose run-script [ 'prewatch', 'watch', 'postwatch' ]
5 info lifecycle @~prewatch: @
6 silly lifecycle @~prewatch: no script for prewatch, continuing
7 info lifecycle @~watch: @
8 verbose lifecycle @~watch: unsafe-perm in lifecycle true
9 verbose lifecycle @~watch: PATH: C:\Users\vivek\AppData\Roaming\npm\node_modules\npm\bin\node-gyp-bin;A:\CompanyProject\parentHierarchical\node_modules\.bin;C:\Program Files\Git\mingw64\bin;C:\Program Files\Git\usr\bin;C:\Users\vivek\bin;C:\Program Files (x86)\Common Files\Oracle\Java\javapath;C:\Program Files (x86)\Common Files\Oracle\Java\javapat;C:\Program Files\Java\jdk\bin;C:\Program Files\Java\jre\bin";C:\Program Files (x86)\Intel\iCLS Client;C:\Program Files\Intel\iCLS Client;C:\windows\system32;C:\windows;C:\windows\System32\Wbem;C:\windows\System32\WindowsPowerShell\v1.0;C:\Program Files (x86)\Intel\Intel(R) Management Engine Components\DAL;C:\Program Files\Intel\Intel(R) Management Engine Components\DAL;C:\Program Files (x86)\Intel\Intel(R) Management Engine Components\IPT;C:\Program Files\Intel\Intel(R) Management Engine Components\IPT;C:\Program Files (x86)\NVIDIA Corporation\PhysX\Common;C:\xampp\php;C:\ProgramData\ComposerSetup\bin;C:\Program Files\Java\jdk1.8.0_171\bin;C:\WINDOWS\system32;C:\WINDOWS;C:\WINDOWS\System32\Wbem;C:\WINDOWS\System32\WindowsPowerShell\v1.0;C:\WINDOWS\System32\OpenSSH;C:\Program Files\dotnet;C:\Program Files\Microsoft SQL Server\130\Tools\Binn;C:\Program Files\Microsoft VS Code Insiders\bin;C:\Program Files\PuTTY;C:\Program Files\Intel\WiFi\bin;C:\Program Files\Common Files\Intel\WirelessCommon;C:\Program Files\MongoDB\Server\3.6\bin;C:\Program Files (x86)\nodejs;C:\Program Files\Git\cmd;C:\Users\vivek\AppData\Local\Programs\Python\Python37-32\Scripts;C:\Users\vivek\AppData\Local\Programs\Python\Python37-32;C:\Users\vivek\AppData\Local\Microsoft\WindowsAppsC;C:\Program Files\Git\Program Files (x86)\Android\android-sdk\platform-tools;C:\Program Files\Microsoft VS Code Insiders\bin;C:\Users\vivek\AppData\Roaming\Composer\vendor\bin;C:\Users\vivek\AppData\Local\GitHubDesktop\bin;C:\Program Files (x86)\Android\android-sdk\platform-tools;C:\Program Files\heroku\bin;C:\Users\vivek\AppData\Local\Microsoft\WindowsApps;C:\Program Files\nodejs;C:\Program Files\nodejs;C:\Users\vivek\AppData\Roaming\npm
10 verbose lifecycle @~watch: CWD: A:\CompanyProject\parentHierarchical
11 silly lifecycle @~watch: Args: [ '/d /s /c', 'npm run development -- --watch' ]
12 silly lifecycle @~watch: Returned: code: 1  signal: null
13 info lifecycle @~watch: Failed to exec watch script
14 verbose stack Error: @ watch: `npm run development -- --watch`
14 verbose stack Exit status 1
14 verbose stack     at EventEmitter.<anonymous> (C:\Users\vivek\AppData\Roaming\npm\node_modules\npm\lib\utils\lifecycle.js:255:16)
14 verbose stack     at EventEmitter.emit (events.js:203:13)
14 verbose stack     at ChildProcess.<anonymous> (C:\Users\vivek\AppData\Roaming\npm\node_modules\npm\lib\utils\spawn.js:40:14)
14 verbose stack     at ChildProcess.emit (events.js:203:13)
14 verbose stack     at maybeClose (internal/child_process.js:1021:16)
14 verbose stack     at Process.ChildProcess._handle.onexit (internal/child_process.js:283:5)
15 verbose pkgid @
16 verbose cwd A:\CompanyProject\parentHierarchical
17 error Windows_NT 10.0.18362
18 error argv "C:\\Program Files (x86)\\nodejs\\node.exe" "C:\\Users\\vivek\\AppData\\Roaming\\npm\\node_modules\\npm\\bin\\npm-cli.js" "run" "watch"
19 error node v12.6.0
20 error npm  v3.10.10
21 error code ELIFECYCLE
22 error @ watch: `npm run development -- --watch`
22 error Exit status 1
23 error Failed at the @ watch script 'npm run development -- --watch'.
23 error Make sure you have the latest version of node.js and npm installed.
23 error If you do, this is most likely a problem with the  package,
23 error not with npm itself.
23 error Tell the author that this fails on your system:
23 error     npm run development -- --watch
23 error You can get information on how to open an issue for this project with:
23 error     npm bugs
23 error Or if that isn't available, you can get their info via:
23 error     npm owner ls
23 error There is likely additional logging output above.
24 verbose exit [ 1, true ]
